# JRE version: OpenJDK Runtime Environment (11.0.11+9) (build 11.0.11+9-b60-7590822)
# Java VM: OpenJDK 64-Bit Server VM (11.0.11+9-b60-7590822, mixed mode, tiered, compressed oops, g1 gc, windows-amd64)
Heap:
 garbage-first heap   total 262144K, used 154019K [0x0000000080000000, 0x0000000100000000)
  region size 1024K, 105 young (107520K), 9 survivors (9216K)
 Metaspace       used 67574K, capacity 69308K, committed 69672K, reserved 1110016K
  class space    used 8549K, capacity 9110K, committed 9240K, reserved 1048576K
GC Heap History (15 events):
Event: 0.600 GC heap before
{Heap before GC invocations=0 (full 0):
 garbage-first heap   total 262144K, used 29696K [0x0000000080000000, 0x0000000100000000)
  region size 1024K, 24 young (24576K), 0 survivors (0K)
 Metaspace       used 10258K, capacity 10499K, committed 10624K, reserved 1058816K
  class space    used 1067K, capacity 1138K, committed 1152K, reserved 1048576K
}
Event: 0.606 GC heap after
{Heap after GC invocations=1 (full 0):
 garbage-first heap   total 262144K, used 9417K [0x0000000080000000, 0x0000000100000000)
  region size 1024K, 3 young (3072K), 3 survivors (3072K)
 Metaspace       used 10258K, capacity 10499K, committed 10624K, reserved 1058816K
  class space    used 1067K, capacity 1138K, committed 1152K, reserved 1048576K
}
Event: 2.237 GC heap before
{Heap before GC invocations=1 (full 0):
 garbage-first heap   total 262144K, used 108745K [0x0000000080000000, 0x0000000100000000)
  region size 1024K, 101 young (103424K), 3 survivors (3072K)
 Metaspace       used 20732K, capacity 21177K, committed 21296K, reserved 1069056K
  class space    used 2527K, capacity 2659K, committed 2688K, reserved 1048576K
}
Event: 2.248 GC heap after
{Heap after GC invocations=2 (full 0):
 garbage-first heap   total 262144K, used 17045K [0x0000000080000000, 0x0000000100000000)
  region size 1024K, 11 young (11264K), 11 survivors (11264K)
 Metaspace       used 20732K, capacity 21177K, committed 21296K, reserved 1069056K
  class space    used 2527K, capacity 2659K, committed 2688K, reserved 1048576K
}
Event: 2.515 GC heap before
{Heap before GC invocations=3 (full 0):
 garbage-first heap   total 262144K, used 48789K [0x0000000080000000, 0x0000000100000000)
  region size 1024K, 42 young (43008K), 11 survivors (11264K)
 Metaspace       used 23934K, capacity 24476K, committed 24700K, reserved 1071104K
  class space    used 3036K, capacity 3231K, committed 3276K, reserved 1048576K
}
Event: 2.520 GC heap after
{Heap after GC invocations=4 (full 0):
 garbage-first heap   total 262144K, used 17902K [0x0000000080000000, 0x0000000100000000)
  region size 1024K, 2 young (2048K), 2 survivors (2048K)
 Metaspace       used 23934K, capacity 24476K, committed 24700K, reserved 1071104K
  class space    used 3036K, capacity 3231K, committed 3276K, reserved 1048576K
}
Event: 3.510 GC heap before
{Heap before GC invocations=4 (full 0):
 garbage-first heap   total 262144K, used 98798K [0x0000000080000000, 0x0000000100000000)
  region size 1024K, 82 young (83968K), 2 survivors (2048K)
 Metaspace       used 35172K, capacity 35922K, committed 36048K, reserved 1081344K
  class space    used 4553K, capacity 4863K, committed 4940K, reserved 1048576K
}
Event: 3.518 GC heap after
{Heap after GC invocations=5 (full 0):
 garbage-first heap   total 262144K, used 22150K [0x0000000080000000, 0x0000000100000000)
  region size 1024K, 6 young (6144K), 6 survivors (6144K)
 Metaspace       used 35172K, capacity 35922K, committed 36048K, reserved 1081344K
  class space    used 4553K, capacity 4863K, committed 4940K, reserved 1048576K
}
Event: 4.773 GC heap before
{Heap before GC invocations=6 (full 0):
 garbage-first heap   total 262144K, used 145030K [0x0000000080000000, 0x0000000100000000)
  region size 1024K, 123 young (125952K), 6 survivors (6144K)
 Metaspace       used 44732K, capacity 45967K, committed 46288K, reserved 1089536K
  class space    used 5728K, capacity 6131K, committed 6220K, reserved 1048576K
}
Event: 4.781 GC heap after
{Heap after GC invocations=7 (full 0):
 garbage-first heap   total 262144K, used 30165K [0x0000000080000000, 0x0000000100000000)
  region size 1024K, 14 young (14336K), 14 survivors (14336K)
 Metaspace       used 44732K, capacity 45967K, committed 46288K, reserved 1089536K
  class space    used 5728K, capacity 6131K, committed 6220K, reserved 1048576K
}
Event: 5.680 GC heap before
{Heap before GC invocations=7 (full 0):
 garbage-first heap   total 262144K, used 170453K [0x0000000080000000, 0x0000000100000000)
  region size 1024K, 143 young (146432K), 14 survivors (14336K)
 Metaspace       used 52046K, capacity 53530K, committed 53712K, reserved 1095680K
  class space    used 6612K, capacity 7113K, committed 7244K, reserved 1048576K
}
Event: 5.689 GC heap after
{Heap after GC invocations=8 (full 0):
 garbage-first heap   total 262144K, used 50569K [0x0000000080000000, 0x0000000100000000)
  region size 1024K, 18 young (18432K), 18 survivors (18432K)
 Metaspace       used 52046K, capacity 53530K, committed 53712K, reserved 1095680K
  class space    used 6612K, capacity 7113K, committed 7244K, reserved 1048576K
}
Event: 6.198 GC heap before
{Heap before GC invocations=8 (full 0):
 garbage-first heap   total 262144K, used 93577K [0x0000000080000000, 0x0000000100000000)
  region size 1024K, 61 young (62464K), 18 survivors (18432K)
 Metaspace       used 58885K, capacity 60448K, committed 60508K, reserved 1101824K
  class space    used 7457K, capacity 8008K, committed 8012K, reserved 1048576K
}
Event: 6.216 GC heap after
{Heap after GC invocations=9 (full 0):
 garbage-first heap   total 262144K, used 54691K [0x0000000080000000, 0x0000000100000000)
  region size 1024K, 4 young (4096K), 4 survivors (4096K)
 Metaspace       used 58885K, capacity 60448K, committed 60508K, reserved 1101824K
  class space    used 7457K, capacity 8008K, committed 8012K, reserved 1048576K
}
Event: 7.102 GC heap before
{Heap before GC invocations=10 (full 0):
 garbage-first heap   total 262144K, used 152995K [0x0000000080000000, 0x0000000100000000)
  region size 1024K, 100 young (102400K), 4 survivors (4096K)
 Metaspace       used 67574K, capacity 69308K, committed 69672K, reserved 1110016K
  class space    used 8549K, capacity 9110K, committed 9240K, reserved 1048576K
}

