# JRE version: OpenJDK Runtime Environment Corretto-17.0.6.10.1 (17.0.6+10) (build 17.0.6+10-LTS)
# Java VM: OpenJDK 64-Bit Server VM Corretto-17.0.6.10.1 (17.0.6+10-LTS, mixed mode, sharing, tiered, compressed oops, compressed class ptrs, g1 gc, windows-amd64)
GC Precious Log:
 CPUs: 16 total, 16 available
 Memory: 24499M
 Large Page Support: Disabled
 NUMA Support: Disabled
 Compressed Oops: Enabled (32-bit)
 Heap Region Size: 1M
 Heap Min Capacity: 8M
 Heap Initial Capacity: 384M
 Heap Max Capacity: 2G
 Pre-touch: Disabled
 Parallel Workers: 13
 Concurrent Workers: 3
 Concurrent Refinement Workers: 13
 Periodic GC: Disabled
Heap:
 garbage-first heap   total 236544K, used 90853K [0x0000000080000000, 0x0000000100000000)
  region size 1024K, 43 young (44032K), 2 survivors (2048K)
 Metaspace       used 42992K, committed 43584K, reserved 1089536K
  class space    used 5922K, committed 6208K, reserved 1048576K
GC Heap History (18 events):
Event: 0.487 GC heap before
{Heap before GC invocations=0 (full 0):
 garbage-first heap   total 393216K, used 26624K [0x0000000080000000, 0x0000000100000000)
  region size 1024K, 23 young (23552K), 0 survivors (0K)
 Metaspace       used 3051K, committed 3200K, reserved 1056768K
  class space    used 381K, committed 448K, reserved 1048576K
}
Event: 0.491 GC heap after
{Heap after GC invocations=1 (full 0):
 garbage-first heap   total 393216K, used 10101K [0x0000000080000000, 0x0000000100000000)
  region size 1024K, 3 young (3072K), 3 survivors (3072K)
 Metaspace       used 3051K, committed 3200K, reserved 1056768K
  class space    used 381K, committed 448K, reserved 1048576K
}
Event: 0.807 GC heap before
{Heap before GC invocations=1 (full 0):
 garbage-first heap   total 393216K, used 40821K [0x0000000080000000, 0x0000000100000000)
  region size 1024K, 32 young (32768K), 3 survivors (3072K)
 Metaspace       used 3991K, committed 4160K, reserved 1056768K
  class space    used 478K, committed 576K, reserved 1048576K
}
Event: 0.810 GC heap after
{Heap after GC invocations=2 (full 0):
 garbage-first heap   total 393216K, used 13862K [0x0000000080000000, 0x0000000100000000)
  region size 1024K, 4 young (4096K), 4 survivors (4096K)
 Metaspace       used 3991K, committed 4160K, reserved 1056768K
  class space    used 478K, committed 576K, reserved 1048576K
}
Event: 2.263 GC heap before
{Heap before GC invocations=2 (full 0):
 garbage-first heap   total 393216K, used 108070K [0x0000000080000000, 0x0000000100000000)
  region size 1024K, 97 young (99328K), 4 survivors (4096K)
 Metaspace       used 21180K, committed 21504K, reserved 1073152K
  class space    used 2966K, committed 3136K, reserved 1048576K
}
Event: 2.269 GC heap after
{Heap after GC invocations=3 (full 0):
 garbage-first heap   total 393216K, used 21731K [0x0000000080000000, 0x0000000100000000)
  region size 1024K, 12 young (12288K), 12 survivors (12288K)
 Metaspace       used 21180K, committed 21504K, reserved 1073152K
  class space    used 2966K, committed 3136K, reserved 1048576K
}
Event: 2.781 GC heap before
{Heap before GC invocations=4 (full 0):
 garbage-first heap   total 78848K, used 62691K [0x0000000080000000, 0x0000000100000000)
  region size 1024K, 54 young (55296K), 12 survivors (12288K)
 Metaspace       used 27124K, committed 27456K, reserved 1073152K
  class space    used 3876K, committed 4032K, reserved 1048576K
}
Event: 2.786 GC heap after
{Heap after GC invocations=5 (full 0):
 garbage-first heap   total 79872K, used 23789K [0x0000000080000000, 0x0000000100000000)
  region size 1024K, 10 young (10240K), 10 survivors (10240K)
 Metaspace       used 27124K, committed 27456K, reserved 1073152K
  class space    used 3876K, committed 4032K, reserved 1048576K
}
Event: 3.248 GC heap before
{Heap before GC invocations=5 (full 0):
 garbage-first heap   total 79872K, used 56557K [0x0000000080000000, 0x0000000100000000)
  region size 1024K, 43 young (44032K), 10 survivors (10240K)
 Metaspace       used 34447K, committed 34816K, reserved 1081344K
  class space    used 4740K, committed 4928K, reserved 1048576K
}
Event: 3.253 GC heap after
{Heap after GC invocations=6 (full 0):
 garbage-first heap   total 79872K, used 27766K [0x0000000080000000, 0x0000000100000000)
  region size 1024K, 6 young (6144K), 6 survivors (6144K)
 Metaspace       used 34447K, committed 34816K, reserved 1081344K
  class space    used 4740K, committed 4928K, reserved 1048576K
}
Event: 3.574 GC heap before
{Heap before GC invocations=6 (full 0):
 garbage-first heap   total 79872K, used 60534K [0x0000000080000000, 0x0000000100000000)
  region size 1024K, 36 young (36864K), 6 survivors (6144K)
 Metaspace       used 35604K, committed 35968K, reserved 1081344K
  class space    used 4880K, committed 5056K, reserved 1048576K
}
Event: 3.579 GC heap after
{Heap after GC invocations=7 (full 0):
 garbage-first heap   total 79872K, used 35511K [0x0000000080000000, 0x0000000100000000)
  region size 1024K, 5 young (5120K), 5 survivors (5120K)
 Metaspace       used 35604K, committed 35968K, reserved 1081344K
  class space    used 4880K, committed 5056K, reserved 1048576K
}
Event: 3.870 GC heap before
{Heap before GC invocations=8 (full 0):
 garbage-first heap   total 79872K, used 63159K [0x0000000080000000, 0x0000000100000000)
  region size 1024K, 28 young (28672K), 5 survivors (5120K)
 Metaspace       used 37800K, committed 38272K, reserved 1089536K
  class space    used 5232K, committed 5440K, reserved 1048576K
}
Event: 3.873 GC heap after
{Heap after GC invocations=9 (full 0):
 garbage-first heap   total 79872K, used 46482K [0x0000000080000000, 0x0000000100000000)
  region size 1024K, 4 young (4096K), 4 survivors (4096K)
 Metaspace       used 37800K, committed 38272K, reserved 1089536K
  class space    used 5232K, committed 5440K, reserved 1048576K
}
Event: 3.886 GC heap before
{Heap before GC invocations=9 (full 0):
 garbage-first heap   total 79872K, used 47506K [0x0000000080000000, 0x0000000100000000)
  region size 1024K, 5 young (5120K), 4 survivors (4096K)
 Metaspace       used 37895K, committed 38336K, reserved 1089536K
  class space    used 5243K, committed 5440K, reserved 1048576K
}
Event: 3.888 GC heap after
{Heap after GC invocations=10 (full 0):
 garbage-first heap   total 79872K, used 46747K [0x0000000080000000, 0x0000000100000000)
  region size 1024K, 1 young (1024K), 1 survivors (1024K)
 Metaspace       used 37895K, committed 38336K, reserved 1089536K
  class space    used 5243K, committed 5440K, reserved 1048576K
}
Event: 3.991 GC heap before
{Heap before GC invocations=10 (full 0):
 garbage-first heap   total 79872K, used 52891K [0x0000000080000000, 0x0000000100000000)
  region size 1024K, 9 young (9216K), 1 survivors (1024K)
 Metaspace       used 38405K, committed 38848K, reserved 1089536K
  class space    used 5308K, committed 5504K, reserved 1048576K
}
Event: 3.994 GC heap after
{Heap after GC invocations=11 (full 0):
 garbage-first heap   total 236544K, used 48869K [0x0000000080000000, 0x0000000100000000)
  region size 1024K, 2 young (2048K), 2 survivors (2048K)
 Metaspace       used 38405K, committed 38848K, reserved 1089536K
  class space    used 5308K, committed 5504K, reserved 1048576K
}

