# JRE version: OpenJDK Runtime Environment Corretto-17.0.6.10.1 (17.0.6+10) (build 17.0.6+10-LTS)
# Java VM: OpenJDK 64-Bit Server VM Corretto-17.0.6.10.1 (17.0.6+10-LTS, mixed mode, sharing, tiered, compressed oops, compressed class ptrs, g1 gc, windows-amd64)
GC Precious Log:
 CPUs: 16 total, 16 available
 Memory: 24499M
 Large Page Support: Disabled
 NUMA Support: Disabled
 Compressed Oops: Enabled (32-bit)
 Heap Region Size: 1M
 Heap Min Capacity: 8M
 Heap Initial Capacity: 384M
 Heap Max Capacity: 2G
 Pre-touch: Disabled
 Parallel Workers: 13
 Concurrent Workers: 3
 Concurrent Refinement Workers: 13
 Periodic GC: Disabled
Heap:
 garbage-first heap   total 237568K, used 54246K [0x0000000080000000, 0x0000000100000000)
  region size 1024K, 13 young (13312K), 12 survivors (12288K)
 Metaspace       used 44418K, committed 44992K, reserved 1089536K
  class space    used 6117K, committed 6400K, reserved 1048576K
GC Heap History (18 events):
Event: 0.466 GC heap before
{Heap before GC invocations=0 (full 0):
 garbage-first heap   total 393216K, used 26624K [0x0000000080000000, 0x0000000100000000)
  region size 1024K, 23 young (23552K), 0 survivors (0K)
 Metaspace       used 3030K, committed 3200K, reserved 1056768K
  class space    used 382K, committed 448K, reserved 1048576K
}
Event: 0.470 GC heap after
{Heap after GC invocations=1 (full 0):
 garbage-first heap   total 393216K, used 10517K [0x0000000080000000, 0x0000000100000000)
  region size 1024K, 3 young (3072K), 3 survivors (3072K)
 Metaspace       used 3030K, committed 3200K, reserved 1056768K
  class space    used 382K, committed 448K, reserved 1048576K
}
Event: 0.795 GC heap before
{Heap before GC invocations=1 (full 0):
 garbage-first heap   total 393216K, used 40213K [0x0000000080000000, 0x0000000100000000)
  region size 1024K, 31 young (31744K), 3 survivors (3072K)
 Metaspace       used 3977K, committed 4160K, reserved 1056768K
  class space    used 478K, committed 576K, reserved 1048576K
}
Event: 0.797 GC heap after
{Heap after GC invocations=2 (full 0):
 garbage-first heap   total 393216K, used 13315K [0x0000000080000000, 0x0000000100000000)
  region size 1024K, 3 young (3072K), 3 survivors (3072K)
 Metaspace       used 3977K, committed 4160K, reserved 1056768K
  class space    used 478K, committed 576K, reserved 1048576K
}
Event: 2.398 GC heap before
{Heap before GC invocations=2 (full 0):
 garbage-first heap   total 393216K, used 108547K [0x0000000080000000, 0x0000000100000000)
  region size 1024K, 97 young (99328K), 3 survivors (3072K)
 Metaspace       used 21181K, committed 21504K, reserved 1073152K
  class space    used 2969K, committed 3136K, reserved 1048576K
}
Event: 2.405 GC heap after
{Heap after GC invocations=3 (full 0):
 garbage-first heap   total 393216K, used 21785K [0x0000000080000000, 0x0000000100000000)
  region size 1024K, 12 young (12288K), 12 survivors (12288K)
 Metaspace       used 21181K, committed 21504K, reserved 1073152K
  class space    used 2969K, committed 3136K, reserved 1048576K
}
Event: 2.847 GC heap before
{Heap before GC invocations=4 (full 0):
 garbage-first heap   total 81920K, used 58649K [0x0000000080000000, 0x0000000100000000)
  region size 1024K, 48 young (49152K), 12 survivors (12288K)
 Metaspace       used 26331K, committed 26624K, reserved 1073152K
  class space    used 3752K, committed 3904K, reserved 1048576K
}
Event: 2.852 GC heap after
{Heap after GC invocations=5 (full 0):
 garbage-first heap   total 81920K, used 23792K [0x0000000080000000, 0x0000000100000000)
  region size 1024K, 3 young (3072K), 3 survivors (3072K)
 Metaspace       used 26331K, committed 26624K, reserved 1073152K
  class space    used 3752K, committed 3904K, reserved 1048576K
}
Event: 3.380 GC heap before
{Heap before GC invocations=5 (full 0):
 garbage-first heap   total 81920K, used 58608K [0x0000000080000000, 0x0000000100000000)
  region size 1024K, 37 young (37888K), 3 survivors (3072K)
 Metaspace       used 33185K, committed 33600K, reserved 1081344K
  class space    used 4604K, committed 4800K, reserved 1048576K
}
Event: 3.384 GC heap after
{Heap after GC invocations=6 (full 0):
 garbage-first heap   total 81920K, used 26653K [0x0000000080000000, 0x0000000100000000)
  region size 1024K, 5 young (5120K), 5 survivors (5120K)
 Metaspace       used 33185K, committed 33600K, reserved 1081344K
  class space    used 4604K, committed 4800K, reserved 1048576K
}
Event: 3.743 GC heap before
{Heap before GC invocations=6 (full 0):
 garbage-first heap   total 81920K, used 60445K [0x0000000080000000, 0x0000000100000000)
  region size 1024K, 38 young (38912K), 5 survivors (5120K)
 Metaspace       used 35494K, committed 35904K, reserved 1081344K
  class space    used 4856K, committed 5056K, reserved 1048576K
}
Event: 3.748 GC heap after
{Heap after GC invocations=7 (full 0):
 garbage-first heap   total 81920K, used 32340K [0x0000000080000000, 0x0000000100000000)
  region size 1024K, 5 young (5120K), 5 survivors (5120K)
 Metaspace       used 35494K, committed 35904K, reserved 1081344K
  class space    used 4856K, committed 5056K, reserved 1048576K
}
Event: 3.777 GC heap before
{Heap before GC invocations=7 (full 0):
 garbage-first heap   total 81920K, used 36436K [0x0000000080000000, 0x0000000100000000)
  region size 1024K, 7 young (7168K), 5 survivors (5120K)
 Metaspace       used 35633K, committed 35968K, reserved 1081344K
  class space    used 4882K, committed 5056K, reserved 1048576K
}
Event: 3.780 GC heap after
{Heap after GC invocations=8 (full 0):
 garbage-first heap   total 81920K, used 36776K [0x0000000080000000, 0x0000000100000000)
  region size 1024K, 2 young (2048K), 2 survivors (2048K)
 Metaspace       used 35633K, committed 35968K, reserved 1081344K
  class space    used 4882K, committed 5056K, reserved 1048576K
}
Event: 3.834 GC heap before
{Heap before GC invocations=9 (full 0):
 garbage-first heap   total 81920K, used 38824K [0x0000000080000000, 0x0000000100000000)
  region size 1024K, 6 young (6144K), 2 survivors (2048K)
 Metaspace       used 35961K, committed 36352K, reserved 1081344K
  class space    used 4944K, committed 5120K, reserved 1048576K
}
Event: 3.836 GC heap after
{Heap after GC invocations=10 (full 0):
 garbage-first heap   total 81920K, used 37310K [0x0000000080000000, 0x0000000100000000)
  region size 1024K, 2 young (2048K), 2 survivors (2048K)
 Metaspace       used 35961K, committed 36352K, reserved 1081344K
  class space    used 4944K, committed 5120K, reserved 1048576K
}
Event: 3.846 GC heap before
{Heap before GC invocations=10 (full 0):
 garbage-first heap   total 81920K, used 39358K [0x0000000080000000, 0x0000000100000000)
  region size 1024K, 4 young (4096K), 2 survivors (2048K)
 Metaspace       used 35961K, committed 36352K, reserved 1081344K
  class space    used 4944K, committed 5120K, reserved 1048576K
}
Event: 3.848 GC heap after
{Heap after GC invocations=11 (full 0):
 garbage-first heap   total 237568K, used 39400K [0x0000000080000000, 0x0000000100000000)
  region size 1024K, 3 young (3072K), 3 survivors (3072K)
 Metaspace       used 35961K, committed 36352K, reserved 1081344K
  class space    used 4944K, committed 5120K, reserved 1048576K
}

